Build started 22/02/14 4:00:27 AM.
     1>Project "D:\r_RoboSoccer\RoboSoccer\Strategy.vcxproj" on node 2 (Build target(s)).
     1>ClCompile:
         C:\Program Files (x86)\Microsoft Visual Studio 11.0\VC\bin\CL.exe /c /Zi /nologo /W3 /WX- /O2 /Oy- /D WIN32 /D NDEBUG /D _WINDOWS /D _USRDLL /D STRATEGY_EXPORTS /D _VC80_UPGRADE=0x0600 /D _WINDLL /D _MBCS /GF /Gm- /EHsc /MT /GS /Gy /fp:precise /Zc:wchar_t /Zc:forScope /Yu"stdafx.h" /Fp".\Release\Strategy.pch" /Fo".\Release\\" /Fd".\Release\vc110.pdb" /Gd /TP /analyze- /errorReport:prompt Strategy.cpp
         Strategy.cpp
     1>Strategy.cpp(165): warning C4244: 'argument' : conversion from 'double' to 'int', possible loss of data
     1>Strategy.cpp(173): warning C4554: '&' : check operator precedence for possible error; use parentheses to clarify precedence
     1>Strategy.cpp(180): warning C4554: '&' : check operator precedence for possible error; use parentheses to clarify precedence
     1>Strategy.cpp(189): warning C4554: '&' : check operator precedence for possible error; use parentheses to clarify precedence
     1>Strategy.cpp(196): warning C4554: '&' : check operator precedence for possible error; use parentheses to clarify precedence
     1>Strategy.cpp(230): warning C4244: 'initializing' : conversion from 'const double' to 'int', possible loss of data
     1>Strategy.cpp(283): warning C4244: '=' : conversion from 'double' to 'int', possible loss of data
     1>Strategy.cpp(284): warning C4244: '=' : conversion from 'double' to 'int', possible loss of data
     1>Strategy.cpp(288): warning C4244: '=' : conversion from 'double' to 'int', possible loss of data
     1>Strategy.cpp(289): warning C4244: '=' : conversion from 'double' to 'int', possible loss of data
     1>Strategy.cpp(306): warning C4244: '=' : conversion from 'double' to 'int', possible loss of data
     1>Strategy.cpp(307): warning C4244: '=' : conversion from 'double' to 'int', possible loss of data
     1>Strategy.cpp(311): warning C4244: '=' : conversion from 'double' to 'int', possible loss of data
     1>Strategy.cpp(312): warning C4244: '=' : conversion from 'double' to 'int', possible loss of data
     1>Strategy.cpp(349): warning C4244: 'initializing' : conversion from 'const double' to 'int', possible loss of data
     1>C:\Program Files (x86)\MSBuild\Microsoft.Cpp\v4.0\V110\Microsoft.CppBuild.targets(1137,5): warning MSB8012: TargetPath(C:\Strategy\yellow\Strategy.dll) does not match the Linker's OutputFile property value (C:\Strategy\yellow\Team2.dll). This may cause your project to build incorrectly. To correct this, please make sure that $(OutDir), $(TargetName) and $(TargetExt) property values match the value specified in %(Link.OutputFile).
     1>C:\Program Files (x86)\MSBuild\Microsoft.Cpp\v4.0\V110\Microsoft.CppBuild.targets(1139,5): warning MSB8012: TargetName(Strategy) does not match the Linker's OutputFile property value (Team2). This may cause your project to build incorrectly. To correct this, please make sure that $(OutDir), $(TargetName) and $(TargetExt) property values match the value specified in %(Link.OutputFile).
       Link:
         C:\Program Files (x86)\Microsoft Visual Studio 11.0\VC\bin\link.exe /ERRORREPORT:PROMPT /OUT:"C:\Strategy\yellow\Team2.dll" /INCREMENTAL:NO /NOLOGO odbc32.lib odbccp32.lib kernel32.lib user32.lib gdi32.lib winspool.lib comdlg32.lib advapi32.lib shell32.lib ole32.lib oleaut32.lib uuid.lib odbc32.lib odbccp32.lib /MANIFEST /MANIFESTUAC:"level='asInvoker' uiAccess='false'" /manifest:embed /PDB:"C:\Strategy\yellow\Strategy.pdb" /SUBSYSTEM:CONSOLE /TLBID:1 /DYNAMICBASE /NXCOMPAT /IMPLIB:".\Release\Strategy.lib" /MACHINE:X86 /SAFESEH /DLL .\Release\StdAfx.obj
         .\Release\Strategy.obj
            Creating library .\Release\Strategy.lib and object .\Release\Strategy.exp
         Strategy.vcxproj -> C:\Strategy\yellow\Strategy.dll
     1>Done Building Project "D:\r_RoboSoccer\RoboSoccer\Strategy.vcxproj" (Build target(s)).

Build succeeded.

Time Elapsed 00:00:00.20
